0 info it worked if it ends with ok
1 verbose cli [ 'C:\\Program Files\\nodejs\\\\node.exe',
1 verbose cli   'C:\\Program Files\\nodejs\\node_modules\\npm\\bin\\npm-cli.js',
1 verbose cli   'publish' ]
2 info using npm@1.2.2
3 info using node@v0.8.18
4 verbose node symlink C:\Program Files\nodejs\\node.exe
5 verbose publish [ '.' ]
6 verbose read json C:\Users\ecantin\Documents\GitHub\backbone-relational-mapper\package.json
7 verbose cache add [ '.', null ]
8 verbose cache add name=undefined spec="." args=[".",null]
9 verbose parsed url { pathname: '.', path: '.', href: '.' }
10 silly lockFile 3a52ce78- .
11 verbose lock . C:\Users\ecantin\AppData\Roaming\npm-cache\3a52ce78-.lock
12 verbose read json package.json
13 verbose tar pack [ 'C:\\Users\\ecantin\\AppData\\Local\\Temp\\npm-9168\\1360698693286-0.7443021200597286\\tmp.tgz',
13 verbose tar pack   '.' ]
14 verbose tarball C:\Users\ecantin\AppData\Local\Temp\npm-9168\1360698693286-0.7443021200597286\tmp.tgz
15 verbose folder .
16 info prepublish backbone-relational-mapper@0.0.11
17 silly lockFile 12e0f39e-93286-0-7443021200597286-tmp-tgz C:\Users\ecantin\AppData\Local\Temp\npm-9168\1360698693286-0.7443021200597286\tmp.tgz
18 verbose lock C:\Users\ecantin\AppData\Local\Temp\npm-9168\1360698693286-0.7443021200597286\tmp.tgz C:\Users\ecantin\AppData\Roaming\npm-cache\12e0f39e-93286-0-7443021200597286-tmp-tgz.lock
19 silly lockFile 12e0f39e-93286-0-7443021200597286-tmp-tgz C:\Users\ecantin\AppData\Local\Temp\npm-9168\1360698693286-0.7443021200597286\tmp.tgz
20 verbose tar unpack C:\Users\ecantin\AppData\Local\Temp\npm-9168\1360698693286-0.7443021200597286\tmp.tgz
21 silly lockFile 6d20fbfa-93286-0-7443021200597286-package C:\Users\ecantin\AppData\Local\Temp\npm-9168\1360698693286-0.7443021200597286\package
22 verbose lock C:\Users\ecantin\AppData\Local\Temp\npm-9168\1360698693286-0.7443021200597286\package C:\Users\ecantin\AppData\Roaming\npm-cache\6d20fbfa-93286-0-7443021200597286-package.lock
23 silly gunzTarPerm modes [ '755', '644' ]
24 silly gunzTarPerm extractEntry package.json
25 silly gunzTarPerm modified mode [ 'package.json', 438, 420 ]
26 silly gunzTarPerm extractEntry .npmignore
27 silly gunzTarPerm modified mode [ '.npmignore', 438, 420 ]
28 silly gunzTarPerm extractEntry README.md
29 silly gunzTarPerm modified mode [ 'README.md', 438, 420 ]
30 silly gunzTarPerm extractEntry index.js
31 silly gunzTarPerm modified mode [ 'index.js', 438, 420 ]
32 silly gunzTarPerm extractEntry test.js
33 silly gunzTarPerm modified mode [ 'test.js', 438, 420 ]
34 silly gunzTarPerm extractEntry .gitattributes
35 silly gunzTarPerm modified mode [ '.gitattributes', 438, 420 ]
36 silly gunzTarPerm extractEntry .travis.yml
37 silly gunzTarPerm modified mode [ '.travis.yml', 438, 420 ]
38 silly gunzTarPerm extractEntry lib/Backbone/DB.coffee
39 silly gunzTarPerm modified mode [ 'lib/Backbone/DB.coffee', 438, 420 ]
40 silly gunzTarPerm extractEntry lib/Backbone/RelationalModel/setup.coffee
41 silly gunzTarPerm modified mode [ 'lib/Backbone/RelationalModel/setup.coffee', 438, 420 ]
42 silly gunzTarPerm extractEntry lib/Backbone/sync.coffee
43 silly gunzTarPerm modified mode [ 'lib/Backbone/sync.coffee', 438, 420 ]
44 silly gunzTarPerm extractEntry lib/index.coffee
45 silly gunzTarPerm modified mode [ 'lib/index.coffee', 438, 420 ]
46 silly gunzTarPerm extractEntry test/Backbone/Collection-Relations.coffee
47 silly gunzTarPerm modified mode [ 'test/Backbone/Collection-Relations.coffee', 438, 420 ]
48 silly gunzTarPerm extractEntry test/Backbone/Collection.coffee
49 silly gunzTarPerm modified mode [ 'test/Backbone/Collection.coffee', 438, 420 ]
50 silly gunzTarPerm extractEntry test/Backbone/DB/connect.coffee
51 silly gunzTarPerm modified mode [ 'test/Backbone/DB/connect.coffee', 438, 420 ]
52 silly gunzTarPerm extractEntry test/Backbone/RelationalModel-Relations.coffee
53 silly gunzTarPerm modified mode [ 'test/Backbone/RelationalModel-Relations.coffee', 438, 420 ]
54 silly gunzTarPerm extractEntry test/Backbone/RelationalModel.coffee
55 silly gunzTarPerm modified mode [ 'test/Backbone/RelationalModel.coffee', 438, 420 ]
56 verbose read json C:\Users\ecantin\AppData\Local\Temp\npm-9168\1360698693286-0.7443021200597286\package\package.json
57 silly lockFile 6d20fbfa-93286-0-7443021200597286-package C:\Users\ecantin\AppData\Local\Temp\npm-9168\1360698693286-0.7443021200597286\package
58 verbose from cache C:\Users\ecantin\AppData\Local\Temp\npm-9168\1360698693286-0.7443021200597286\package\package.json
59 verbose tar pack [ 'C:\\Users\\ecantin\\AppData\\Roaming\\npm-cache\\backbone-relational-mapper\\0.0.11\\package.tgz',
59 verbose tar pack   'C:\\Users\\ecantin\\AppData\\Local\\Temp\\npm-9168\\1360698693286-0.7443021200597286\\package' ]
60 verbose tarball C:\Users\ecantin\AppData\Roaming\npm-cache\backbone-relational-mapper\0.0.11\package.tgz
61 verbose folder C:\Users\ecantin\AppData\Local\Temp\npm-9168\1360698693286-0.7443021200597286\package
62 silly lockFile 8adb3e68-tional-mapper-0-0-11-package-tgz C:\Users\ecantin\AppData\Roaming\npm-cache\backbone-relational-mapper\0.0.11\package.tgz
63 verbose lock C:\Users\ecantin\AppData\Roaming\npm-cache\backbone-relational-mapper\0.0.11\package.tgz C:\Users\ecantin\AppData\Roaming\npm-cache\8adb3e68-tional-mapper-0-0-11-package-tgz.lock
64 silly lockFile 8adb3e68-tional-mapper-0-0-11-package-tgz C:\Users\ecantin\AppData\Roaming\npm-cache\backbone-relational-mapper\0.0.11\package.tgz
65 silly lockFile b20466c9-relational-mapper-0-0-11-package C:\Users\ecantin\AppData\Roaming\npm-cache\backbone-relational-mapper\0.0.11\package
66 verbose lock C:\Users\ecantin\AppData\Roaming\npm-cache\backbone-relational-mapper\0.0.11\package C:\Users\ecantin\AppData\Roaming\npm-cache\b20466c9-relational-mapper-0-0-11-package.lock
67 silly lockFile b20466c9-relational-mapper-0-0-11-package C:\Users\ecantin\AppData\Roaming\npm-cache\backbone-relational-mapper\0.0.11\package
68 verbose tar unpack C:\Users\ecantin\AppData\Roaming\npm-cache\backbone-relational-mapper\0.0.11\package.tgz
69 silly lockFile b20466c9-relational-mapper-0-0-11-package C:\Users\ecantin\AppData\Roaming\npm-cache\backbone-relational-mapper\0.0.11\package
70 verbose lock C:\Users\ecantin\AppData\Roaming\npm-cache\backbone-relational-mapper\0.0.11\package C:\Users\ecantin\AppData\Roaming\npm-cache\b20466c9-relational-mapper-0-0-11-package.lock
71 silly gunzTarPerm modes [ '755', '644' ]
72 silly gunzTarPerm extractEntry package.json
73 silly gunzTarPerm modified mode [ 'package.json', 438, 420 ]
74 silly gunzTarPerm extractEntry .npmignore
75 silly gunzTarPerm modified mode [ '.npmignore', 438, 420 ]
76 silly gunzTarPerm extractEntry README.md
77 silly gunzTarPerm modified mode [ 'README.md', 438, 420 ]
78 silly gunzTarPerm extractEntry index.js
79 silly gunzTarPerm modified mode [ 'index.js', 438, 420 ]
80 silly gunzTarPerm extractEntry test.js
81 silly gunzTarPerm modified mode [ 'test.js', 438, 420 ]
82 silly gunzTarPerm extractEntry .gitattributes
83 silly gunzTarPerm modified mode [ '.gitattributes', 438, 420 ]
84 silly gunzTarPerm extractEntry .travis.yml
85 silly gunzTarPerm modified mode [ '.travis.yml', 438, 420 ]
86 silly gunzTarPerm extractEntry lib/Backbone/DB.coffee
87 silly gunzTarPerm modified mode [ 'lib/Backbone/DB.coffee', 438, 420 ]
88 silly gunzTarPerm extractEntry lib/Backbone/RelationalModel/setup.coffee
89 silly gunzTarPerm modified mode [ 'lib/Backbone/RelationalModel/setup.coffee', 438, 420 ]
90 silly gunzTarPerm extractEntry lib/Backbone/sync.coffee
91 silly gunzTarPerm modified mode [ 'lib/Backbone/sync.coffee', 438, 420 ]
92 silly gunzTarPerm extractEntry lib/index.coffee
93 silly gunzTarPerm modified mode [ 'lib/index.coffee', 438, 420 ]
94 silly gunzTarPerm extractEntry test/Backbone/Collection-Relations.coffee
95 silly gunzTarPerm modified mode [ 'test/Backbone/Collection-Relations.coffee', 438, 420 ]
96 silly gunzTarPerm extractEntry test/Backbone/Collection.coffee
97 silly gunzTarPerm modified mode [ 'test/Backbone/Collection.coffee', 438, 420 ]
98 silly gunzTarPerm extractEntry test/Backbone/DB/connect.coffee
99 silly gunzTarPerm modified mode [ 'test/Backbone/DB/connect.coffee', 438, 420 ]
100 silly gunzTarPerm extractEntry test/Backbone/RelationalModel-Relations.coffee
101 silly gunzTarPerm modified mode [ 'test/Backbone/RelationalModel-Relations.coffee', 438, 420 ]
102 silly gunzTarPerm extractEntry test/Backbone/RelationalModel.coffee
103 silly gunzTarPerm modified mode [ 'test/Backbone/RelationalModel.coffee', 438, 420 ]
104 verbose read json C:\Users\ecantin\AppData\Roaming\npm-cache\backbone-relational-mapper\0.0.11\package\package.json
105 silly lockFile b20466c9-relational-mapper-0-0-11-package C:\Users\ecantin\AppData\Roaming\npm-cache\backbone-relational-mapper\0.0.11\package
106 silly shasum updated bytes 9421
107 info shasum d321dd666934225acd3247bff014931ba4ce1023
107 info shasum C:\Users\ecantin\AppData\Roaming\npm-cache\backbone-relational-mapper\0.0.11\package.tgz
108 verbose from cache C:\Users\ecantin\AppData\Roaming\npm-cache\backbone-relational-mapper\0.0.11\package\package.json
109 verbose chmod C:\Users\ecantin\AppData\Roaming\npm-cache\backbone-relational-mapper\0.0.11\package.tgz 644
110 silly chown skipping for windows C:\Users\ecantin\AppData\Roaming\npm-cache\backbone-relational-mapper\0.0.11\package.tgz
111 silly lockFile 3a52ce78- .
112 silly publish { name: 'backbone-relational-mapper',
112 silly publish   version: '0.0.11',
112 silly publish   description: 'An ORM for Backbone-Relational.',
112 silly publish   main: 'index.js',
112 silly publish   scripts: { test: 'node test.js' },
112 silly publish   repository:
112 silly publish    { type: 'git',
112 silly publish      url: 'https://github.com/emilecantin/backbone-relational-mapper.git' },
112 silly publish   keywords: [ 'backbone', 'orm', 'sql', 'postgres', 'pg' ],
112 silly publish   author: { name: 'Emile cantin' },
112 silly publish   license: 'BSD',
112 silly publish   dependencies:
112 silly publish    { 'coffee-script': '~1.3.3',
112 silly publish      'amd-loader': '0.0.4',
112 silly publish      'backbone-relational': '0.7.x',
112 silly publish      inflection: '~1.2.3' },
112 silly publish   devDependencies:
112 silly publish    { sinon: '~1.4.2',
112 silly publish      'sinon-chai': '~2.1.2',
112 silly publish      chai: '~1.2.0',
112 silly publish      mocha: '~1.3.2',
112 silly publish      glob: '~3.1.12',
112 silly publish      pg: '>=0.7.1',
112 silly publish      async: '~0.1.22' },
112 silly publish   readme: 'Backbone-Relational-Mapper\r\n==========================\r\n\r\n[![Build Status](https://secure.travis-ci.org/emilecantin/backbone-relational-mapper.png?branch=master)](http://travis-ci.org/emilecantin/backbone-relational-mapper)\r\n\r\nImportant note\r\n--------------\r\n\r\nThis module is absolutely not ready for any usage, as it is in _very_ early development. Pull requests are welcome, but be aware that everything may change very fast; your relevant pull request today may not be relevant tomorrow.\r\n\r\nInstallation\r\n------------\r\n\r\nA simple `npm install backbone-relational-mapper` should do the trick. Open an issue if it doesn\'t.\r\n\r\nYou also need a database driver: `npm install pg` (the only supported database is Postgres at the moment).\r\n\r\nUsage\r\n-----\r\n\r\nFirst you need to configure your database connection:\r\n\r\n```coffee-script\r\nBackbone.DB.connect\r\n  dialect: \'postgres\'\r\n  host: \'localhost\'\r\n  database: \'my_database\'\r\n  user: \'my_user\'\r\n  password: \'my_password\'\r\n```\r\n\r\nYou should only need to do this once; it should persist across calls to `require()`.\r\n\r\nThen, you should define your models as you would do in Backbone-Relational, with an added `fields` object:\r\n\r\n    class SomeModel extends Backbone.RelationalModel\r\n\r\n      fields:\r\n        some_text_field: \'TEXT\'\r\n',
112 silly publish   readmeFilename: 'README.md',
112 silly publish   _id: 'backbone-relational-mapper@0.0.11',
112 silly publish   dist: { shasum: 'd321dd666934225acd3247bff014931ba4ce1023' },
112 silly publish   _from: '.' }
113 verbose url raw backbone-relational-mapper
114 verbose url resolving [ 'https://registry.npmjs.org/',
114 verbose url resolving   './backbone-relational-mapper' ]
115 verbose url resolved https://registry.npmjs.org/backbone-relational-mapper
116 info trying registry request attempt 1 at 14:51:33
117 http PUT https://registry.npmjs.org/backbone-relational-mapper
118 http 409 https://registry.npmjs.org/backbone-relational-mapper
119 verbose url raw backbone-relational-mapper
120 verbose url resolving [ 'https://registry.npmjs.org/',
120 verbose url resolving   './backbone-relational-mapper' ]
121 verbose url resolved https://registry.npmjs.org/backbone-relational-mapper
122 info trying registry request attempt 1 at 14:51:34
123 http GET https://registry.npmjs.org/backbone-relational-mapper
124 http 200 https://registry.npmjs.org/backbone-relational-mapper
125 error publish fail Cannot publish over existing version.
125 error publish fail Bump the 'version' field, set the --force flag, or
125 error publish fail     npm unpublish 'backbone-relational-mapper@0.0.11'
125 error publish fail and try again
126 error System Windows_NT 6.1.7601
127 error command "C:\\Program Files\\nodejs\\\\node.exe" "C:\\Program Files\\nodejs\\node_modules\\npm\\bin\\npm-cli.js" "publish"
128 error cwd C:\Users\ecantin\Documents\GitHub\backbone-relational-mapper
129 error node -v v0.8.18
130 error npm -v 1.2.2
131 error code EPUBLISHCONFLICT
132 verbose exit [ 1, true ]
